<?xml version="1.0" encoding="UTF-8"?>
<testsuites>
    <testsuite name="force.apex" timestamp="2025-05-21T23:23:32.000Z" hostname="https://ruby-power-7601-dev-ed.scratch.my.salesforce.com" tests="3" failures="0"  errors="0"  time="0.04">
        <properties>
            <property name="outcome" value="Successful"/>
            <property name="testsRan" value="3"/>
            <property name="passing" value="3"/>
            <property name="failing" value="0"/>
            <property name="skipped" value="0"/>
            <property name="passRate" value="100%"/>
            <property name="failRate" value="0%"/>
            <property name="testStartTime" value="Thu May 22 2025 7:23:32 am"/>
            <property name="testSetupTimeInMs" value="32"/>
            <property name="testExecutionTime" value="0.04 s"/>
            <property name="testTotalTime" value="0.07 s"/>
            <property name="commandTime" value="0.99 s"/>
            <property name="hostname" value="https://ruby-power-7601-dev-ed.scratch.my.salesforce.com"/>
            <property name="orgId" value="00D8s00000Az23zEAB"/>
            <property name="username" value="test-qs2ddpbjkbx6@example.com"/>
            <property name="testRunId" value="7078s00000mGyjx"/>
            <property name="userId" value="0058s00000EW9qLAAT"/>
            <property name="coveredLines" value="1279"/>
            <property name="testRunCoverage" value="76%"/>
            <property name="orgWideCoverage" value="42%"/>
        </properties>
        <testcase name="testGetRecordTypes" classname="reduivy.ACC_Helper_TEST" time="0.03">
        </testcase>
        <testcase name="testObjectHelper" classname="reduivy.ACC_Helper_TEST" time="0.01">
        </testcase>
    </testsuite>
</testsuites>
